{"name": "test_select_product_1", "status": "broken", "statusDetails": {"message": "selenium.common.exceptions.TimeoutException: Message: \nStacktrace:\nBacktrace:\n\tOrdinal0 [0x010DDF13+2219795]\n\tOrdinal0 [0x01072841+1779777]\n\tOrdinal0 [0x00F8423D+803389]\n\tOrdinal0 [0x00FB3025+995365]\n\tOrdinal0 [0x00FB31EB+995819]\n\tOrdinal0 [0x00FE0F52+1183570]\n\tOrdinal0 [0x00FCE844+1108036]\n\tOrdinal0 [0x00FDF192+1175954]\n\tOrdinal0 [0x00FCE616+1107478]\n\tOrdinal0 [0x00FA7F89+950153]\n\tOrdinal0 [0x00FA8F56+954198]\n\tGetHandleVerifier [0x013D2CB2+3040210]\n\tGetHandleVerifier [0x013C2BB4+2974420]\n\tGetHandleVerifier [0x01176A0A+565546]\n\tGetHandleVerifier [0x01175680+560544]\n\tOrdinal0 [0x01079A5C+1808988]\n\tOrdinal0 [0x0107E3A8+1827752]\n\tOrdinal0 [0x0107E495+1827989]\n\tOrdinal0 [0x010880A4+1867940]\n\tBaseThreadInitThunk [0x75BEFA29+25]\n\tRtlGetAppContainerNamedObjectPath [0x772B7A7E+286]\n\tRtlGetAppContainerNamedObjectPath [0x772B7A4E+238]", "trace": "set_group = None\n\n    @allure.description(\"Test select product 1\")\n    def test_select_product_1(set_group):\n        options = Options()\n        options.add_experimental_option('excludeSwitches', ['enable-logging'])\n        driver = webdriver.Chrome(chrome_options=options)\n    \n        print(\"Start Test 1\")\n    \n        login = LoginPage(driver)\n        login.authorozation()\n    \n        mp = MainPage(driver)\n>       mp.select_products_1()\n\ntests\\test_buy_product.py:26: \n_ _ _ _ _ _ _ _ _ _ _ _ _ _ _ _ _ _ _ _ _ _ _ _ _ _ _ _ _ _ _ _ _ _ _ _ _ _ _ _ _ _ _ _ _ _ _ _ _ _ _ _ _ _ _ _ _ _ _ _ _ _ _ _ _ _ _ _ _ _ _ _ _ _ _ _ _ _ _ _ \npages\\main_page.py:79: in select_products_1\n    self.click_select_product_1()\npages\\main_page.py:47: in click_select_product_1\n    self.get_select_product_1().click()\npages\\main_page.py:27: in get_select_product_1\n    return WebDriverWait(self.driver, 30).until(EC.element_to_be_clickable((By.XPATH, self.select_product_1)))\n_ _ _ _ _ _ _ _ _ _ _ _ _ _ _ _ _ _ _ _ _ _ _ _ _ _ _ _ _ _ _ _ _ _ _ _ _ _ _ _ _ _ _ _ _ _ _ _ _ _ _ _ _ _ _ _ _ _ _ _ _ _ _ _ _ _ _ _ _ _ _ _ _ _ _ _ _ _ _ _ \n\nself = <selenium.webdriver.support.wait.WebDriverWait (session=\"452d6731b527860f2d8b439c8ef21354\")>\nmethod = <function element_to_be_clickable.<locals>._predicate at 0x00000258A0E1DA60>, message = ''\n\n    def until(self, method, message: str = \"\"):\n        \"\"\"Calls the method provided with the driver as an argument until the \\\n        return value does not evaluate to ``False``.\n    \n        :param method: callable(WebDriver)\n        :param message: optional message for :exc:`TimeoutException`\n        :returns: the result of the last call to `method`\n        :raises: :exc:`selenium.common.exceptions.TimeoutException` if timeout occurs\n        \"\"\"\n        screen = None\n        stacktrace = None\n    \n        end_time = time.monotonic() + self._timeout\n        while True:\n            try:\n                value = method(self._driver)\n                if value:\n                    return value\n            except self._ignored_exceptions as exc:\n                screen = getattr(exc, 'screen', None)\n                stacktrace = getattr(exc, 'stacktrace', None)\n            time.sleep(self._poll)\n            if time.monotonic() > end_time:\n                break\n>       raise TimeoutException(message, screen, stacktrace)\nE       selenium.common.exceptions.TimeoutException: Message: \nE       Stacktrace:\nE       Backtrace:\nE       \tOrdinal0 [0x010DDF13+2219795]\nE       \tOrdinal0 [0x01072841+1779777]\nE       \tOrdinal0 [0x00F8423D+803389]\nE       \tOrdinal0 [0x00FB3025+995365]\nE       \tOrdinal0 [0x00FB31EB+995819]\nE       \tOrdinal0 [0x00FE0F52+1183570]\nE       \tOrdinal0 [0x00FCE844+1108036]\nE       \tOrdinal0 [0x00FDF192+1175954]\nE       \tOrdinal0 [0x00FCE616+1107478]\nE       \tOrdinal0 [0x00FA7F89+950153]\nE       \tOrdinal0 [0x00FA8F56+954198]\nE       \tGetHandleVerifier [0x013D2CB2+3040210]\nE       \tGetHandleVerifier [0x013C2BB4+2974420]\nE       \tGetHandleVerifier [0x01176A0A+565546]\nE       \tGetHandleVerifier [0x01175680+560544]\nE       \tOrdinal0 [0x01079A5C+1808988]\nE       \tOrdinal0 [0x0107E3A8+1827752]\nE       \tOrdinal0 [0x0107E495+1827989]\nE       \tOrdinal0 [0x010880A4+1867940]\nE       \tBaseThreadInitThunk [0x75BEFA29+25]\nE       \tRtlGetAppContainerNamedObjectPath [0x772B7A7E+286]\nE       \tRtlGetAppContainerNamedObjectPath [0x772B7A4E+238]\n\n..\\..\\AppData\\Local\\Programs\\Python\\Python39\\lib\\site-packages\\selenium\\webdriver\\support\\wait.py:90: TimeoutException"}, "description": "Test select product 1", "steps": [{"name": "authorozation", "status": "passed", "start": 1666170696195, "stop": 1666170701024}, {"name": "select_products_1", "status": "broken", "statusDetails": {"message": "selenium.common.exceptions.TimeoutException: Message: \nStacktrace:\nBacktrace:\n\tOrdinal0 [0x010DDF13+2219795]\n\tOrdinal0 [0x01072841+1779777]\n\tOrdinal0 [0x00F8423D+803389]\n\tOrdinal0 [0x00FB3025+995365]\n\tOrdinal0 [0x00FB31EB+995819]\n\tOrdinal0 [0x00FE0F52+1183570]\n\tOrdinal0 [0x00FCE844+1108036]\n\tOrdinal0 [0x00FDF192+1175954]\n\tOrdinal0 [0x00FCE616+1107478]\n\tOrdinal0 [0x00FA7F89+950153]\n\tOrdinal0 [0x00FA8F56+954198]\n\tGetHandleVerifier [0x013D2CB2+3040210]\n\tGetHandleVerifier [0x013C2BB4+2974420]\n\tGetHandleVerifier [0x01176A0A+565546]\n\tGetHandleVerifier [0x01175680+560544]\n\tOrdinal0 [0x01079A5C+1808988]\n\tOrdinal0 [0x0107E3A8+1827752]\n\tOrdinal0 [0x0107E495+1827989]\n\tOrdinal0 [0x010880A4+1867940]\n\tBaseThreadInitThunk [0x75BEFA29+25]\n\tRtlGetAppContainerNamedObjectPath [0x772B7A7E+286]\n\tRtlGetAppContainerNamedObjectPath [0x772B7A4E+238]\n\n", "trace": "  File \"C:\\Users\\ilnazhim\\environments\\stepikalexautomationpython\\pages\\main_page.py\", line 79, in select_products_1\n    self.click_select_product_1()\n  File \"C:\\Users\\ilnazhim\\environments\\stepikalexautomationpython\\pages\\main_page.py\", line 47, in click_select_product_1\n    self.get_select_product_1().click()\n  File \"C:\\Users\\ilnazhim\\environments\\stepikalexautomationpython\\pages\\main_page.py\", line 27, in get_select_product_1\n    return WebDriverWait(self.driver, 30).until(EC.element_to_be_clickable((By.XPATH, self.select_product_1)))\n  File \"C:\\Users\\ilnazhim\\AppData\\Local\\Programs\\Python\\Python39\\lib\\site-packages\\selenium\\webdriver\\support\\wait.py\", line 90, in until\n    raise TimeoutException(message, screen, stacktrace)\n"}, "start": 1666170701024, "stop": 1666170731510}], "attachments": [{"name": "stdout", "source": "01ab59c6-b075-4097-9cbd-2ed7357a662b-attachment.txt", "type": "text/plain"}], "start": 1666170694707, "stop": 1666170731514, "uuid": "685e96c7-b533-45a0-9833-a3fdd6608315", "historyId": "f79277969f3402191aa87b9159580033", "testCaseId": "7e693a2f3127954bc04634edb5d0872b", "fullName": "tests.test_buy_product#test_select_product_1", "labels": [{"name": "parentSuite", "value": "tests"}, {"name": "suite", "value": "test_buy_product"}, {"name": "host", "value": "HOME-PC"}, {"name": "thread", "value": "11932-MainThread"}, {"name": "framework", "value": "pytest"}, {"name": "language", "value": "cpython3"}, {"name": "package", "value": "tests.test_buy_product"}]}